<?xml version="1.0" encoding="UTF-8"?>
<!-- Generated by org.testng.reporters.JUnitXMLReporter -->
<testsuite hostname="IN-4DL5RV2-10" ignored="0" name="Test" tests="3" failures="1" timestamp="10 Nov 2019 15:48:13 GMT" time="89.925" errors="0">
  <testcase name="flightSearch" time="11.187" classname="testcases.FlightSearch"/>
  <testcase name="verifyHomePage" time="0.127" classname="testcases.FlightSearch">
    <failure type="java.lang.AssertionError" message="null">
      <![CDATA[java.lang.AssertionError: null
at testcases.FlightSearch.verifyHomePage(FlightSearch.java:42)
... Removed 27 stack frames]]>
    </failure>
  </testcase> <!-- verifyHomePage -->
  <testcase name="hotelSearch" time="14.761" classname="testcases.HotelSearch"/>
</testsuite> <!-- Test -->
