<?xml version="1.0" encoding="UTF-8"?>
<!-- Generated by org.testng.reporters.JUnitXMLReporter -->
<testsuite hostname="SKY-4DL5RV2-10" ignored="1" name="Chrome Test" tests="2" failures="0" timestamp="21 Nov 2020 14:44:10 GMT" time="68.604" errors="0">
  <testcase name="searchFlight" time="21.623" classname="testcases.FlightSearch"/>
  <testcase name="searchHotel" time="13.846" classname="testcases.HotelSearch"/>
  <testcase name="verifyHomePage" time="0.0" classname="testcases.FlightSearch">
    <ignored/>
  </testcase> <!-- verifyHomePage -->
</testsuite> <!-- Chrome Test -->
