<?xml version="1.0" encoding="UTF-8"?>
<!-- Generated by org.testng.reporters.JUnitXMLReporter -->
<testsuite hostname="IN-4DL5RV2-10" ignored="1" name="Chrome Test" tests="2" failures="0" timestamp="17 Nov 2019 16:18:53 GMT" time="54.657" errors="0">
  <testcase name="flightSearch" time="23.835" classname="testcases.FlightSearch"/>
  <testcase name="hotelSearch" time="25.162" classname="testcases.HotelSearch"/>
  <testcase name="verifyHomePage" time="0.0" classname="testcases.FlightSearch">
    <ignored/>
  </testcase> <!-- verifyHomePage -->
</testsuite> <!-- Chrome Test -->
