<?xml version="1.0" encoding="UTF-8"?>
<!-- Generated by org.testng.reporters.JUnitXMLReporter -->
<testsuite hostname="SKY-4DL5RV2-10" ignored="1" name="FirefoxTest" tests="2" failures="0" timestamp="09 Nov 2020 20:02:48 GMT" time="50.359" errors="0">
  <testcase name="searchFlight" time="8.918" classname="testcases.FlightSearch"/>
  <testcase name="searchHotel" time="8.354" classname="testcases.HotelSearch"/>
  <testcase name="verifyHomePage" time="0.0" classname="testcases.FlightSearch">
    <ignored/>
  </testcase> <!-- verifyHomePage -->
</testsuite> <!-- FirefoxTest -->
