<?xml version="1.0" encoding="UTF-8"?>
<!-- Generated by org.testng.reporters.JUnitXMLReporter -->
<testsuite hostname="IN-4DL5RV2-10" ignored="1" name="FirefoxTest" tests="2" failures="0" timestamp="17 Nov 2019 16:22:26 GMT" time="111.95" errors="0">
  <testcase name="flightSearch" time="19.423" classname="testcases.FlightSearch"/>
  <testcase name="hotelSearch" time="24.284" classname="testcases.HotelSearch"/>
  <testcase name="verifyHomePage" time="0.0" classname="testcases.FlightSearch">
    <ignored/>
  </testcase> <!-- verifyHomePage -->
</testsuite> <!-- FirefoxTest -->
