<?xml version="1.0" encoding="UTF-8"?>
<!-- Generated by org.testng.reporters.JUnitXMLReporter -->
<testsuite hostname="IN-4DL5RV2-10" ignored="0" name="Test" tests="3" failures="1" timestamp="16 Nov 2019 14:54:17 GMT" time="82.818" errors="0">
  <testcase name="flightSearch" time="10.346" classname="testcases.FlightSearch"/>
  <testcase name="verifyHomePage" time="0.099" classname="testcases.FlightSearch">
    <failure type="java.lang.AssertionError" message="null">
      <![CDATA[java.lang.AssertionError: null
at testcases.FlightSearch.verifyHomePage(FlightSearch.java:42)
... Removed 31 stack frames]]>
    </failure>
  </testcase> <!-- verifyHomePage -->
  <testcase name="hotelSearch" time="13.85" classname="testcases.HotelSearch"/>
</testsuite> <!-- Test -->
