<?xml version="1.0" encoding="UTF-8"?>
<testng-results skipped="0" failed="0" ignored="2" total="6" passed="4">
  <reporter-output>
  </reporter-output>
  <suite name="Smoke Suite" duration-ms="115035" started-at="2019-11-17T16:17:58Z" finished-at="2019-11-17T16:19:53Z">
    <groups>
    </groups>
    <test name="Chrome Test" duration-ms="54657" started-at="2019-11-17T16:17:58Z" finished-at="2019-11-17T16:18:53Z">
      <class name="testcases.HotelSearch">
        <test-method status="PASS" signature="beforeMethod(java.lang.String)[pri:0, instance:testcases.HotelSearch@727803de]" name="beforeMethod" is-config="true" duration-ms="22896" started-at="2019-11-17T16:17:59Z" finished-at="2019-11-17T16:18:22Z">
          <params>
            <param index="0">
              <value>
                <![CDATA[chrome]]>
              </value>
            </param>
          </params>
          <reporter-output>
          </reporter-output>
        </test-method> <!-- beforeMethod -->
        <test-method status="PASS" signature="hotelSearch(java.lang.String, java.lang.String, java.lang.String, java.lang.String)[pri:0, instance:testcases.HotelSearch@727803de]" name="hotelSearch" duration-ms="25162" started-at="2019-11-17T16:18:22Z" data-provider="getData" finished-at="2019-11-17T16:18:47Z">
          <params>
            <param index="0">
              <value>
                <![CDATA[Hyderabad]]>
              </value>
            </param>
            <param index="1">
              <value>
                <![CDATA[11/28/2019]]>
              </value>
            </param>
            <param index="2">
              <value>
                <![CDATA[11/30/2019]]>
              </value>
            </param>
            <param index="3">
              <value>
                <![CDATA[Hyderabad (and vicinity), India Hotel Search Results]]>
              </value>
            </param>
          </params>
          <reporter-output>
          </reporter-output>
        </test-method> <!-- hotelSearch -->
        <test-method status="PASS" signature="tearDown()[pri:0, instance:testcases.HotelSearch@727803de]" name="tearDown" is-config="true" duration-ms="5811" started-at="2019-11-17T16:18:47Z" finished-at="2019-11-17T16:18:53Z">
          <reporter-output>
          </reporter-output>
        </test-method> <!-- tearDown -->
      </class> <!-- testcases.HotelSearch -->
      <class name="testcases.FlightSearch">
        <test-method status="PASS" signature="launchBrowser(java.lang.String)[pri:0, instance:testcases.FlightSearch@2641e737]" name="launchBrowser" is-config="true" duration-ms="24177" started-at="2019-11-17T16:17:59Z" finished-at="2019-11-17T16:18:23Z">
          <params>
            <param index="0">
              <value>
                <![CDATA[chrome]]>
              </value>
            </param>
          </params>
          <reporter-output>
          </reporter-output>
        </test-method> <!-- launchBrowser -->
        <test-method status="PASS" signature="flightSearch(java.lang.String, java.lang.String, java.lang.String, java.lang.String, java.lang.String)[pri:0, instance:testcases.FlightSearch@2641e737]" name="flightSearch" duration-ms="23835" started-at="2019-11-17T16:18:23Z" data-provider="getData" finished-at="2019-11-17T16:18:47Z">
          <params>
            <param index="0">
              <value>
                <![CDATA[Delhi]]>
              </value>
            </param>
            <param index="1">
              <value>
                <![CDATA[11/27/2019]]>
              </value>
            </param>
            <param index="2">
              <value>
                <![CDATA[11/29/2019]]>
              </value>
            </param>
            <param index="3">
              <value>
                <![CDATA[Hyderabad]]>
              </value>
            </param>
            <param index="4">
              <value>
                <![CDATA[Select your departure to Hyderabad]]>
              </value>
            </param>
          </params>
          <reporter-output>
          </reporter-output>
        </test-method> <!-- flightSearch -->
        <test-method status="PASS" signature="tearDown()[pri:0, instance:testcases.FlightSearch@2641e737]" name="tearDown" is-config="true" duration-ms="5579" started-at="2019-11-17T16:18:47Z" finished-at="2019-11-17T16:18:52Z">
          <reporter-output>
          </reporter-output>
        </test-method> <!-- tearDown -->
      </class> <!-- testcases.FlightSearch -->
    </test> <!-- Chrome Test -->
    <test name="FirefoxTest" duration-ms="59556" started-at="2019-11-17T16:18:53Z" finished-at="2019-11-17T16:19:53Z">
      <class name="testcases.HotelSearch">
        <test-method status="PASS" signature="beforeMethod(java.lang.String)[pri:0, instance:testcases.HotelSearch@71623278]" name="beforeMethod" is-config="true" duration-ms="22054" started-at="2019-11-17T16:18:54Z" finished-at="2019-11-17T16:19:16Z">
          <params>
            <param index="0">
              <value>
                <![CDATA[firefox]]>
              </value>
            </param>
          </params>
          <reporter-output>
          </reporter-output>
        </test-method> <!-- beforeMethod -->
        <test-method status="PASS" signature="hotelSearch(java.lang.String, java.lang.String, java.lang.String, java.lang.String)[pri:0, instance:testcases.HotelSearch@71623278]" name="hotelSearch" duration-ms="24936" started-at="2019-11-17T16:19:16Z" data-provider="getData" finished-at="2019-11-17T16:19:41Z">
          <params>
            <param index="0">
              <value>
                <![CDATA[Hyderabad]]>
              </value>
            </param>
            <param index="1">
              <value>
                <![CDATA[11/28/2019]]>
              </value>
            </param>
            <param index="2">
              <value>
                <![CDATA[11/30/2019]]>
              </value>
            </param>
            <param index="3">
              <value>
                <![CDATA[Hyderabad (and vicinity), India Hotel Search Results]]>
              </value>
            </param>
          </params>
          <reporter-output>
          </reporter-output>
        </test-method> <!-- hotelSearch -->
        <test-method status="PASS" signature="tearDown()[pri:0, instance:testcases.HotelSearch@71623278]" name="tearDown" is-config="true" duration-ms="11764" started-at="2019-11-17T16:19:41Z" finished-at="2019-11-17T16:19:52Z">
          <reporter-output>
          </reporter-output>
        </test-method> <!-- tearDown -->
      </class> <!-- testcases.HotelSearch -->
      <class name="testcases.FlightSearch">
        <test-method status="PASS" signature="beforeSuite()[pri:0, instance:testcases.FlightSearch@44a3ec6b]" name="beforeSuite" is-config="true" duration-ms="15" started-at="2019-11-17T16:17:58Z" finished-at="2019-11-17T16:17:58Z">
          <reporter-output>
          </reporter-output>
        </test-method> <!-- beforeSuite -->
        <test-method status="PASS" signature="launchBrowser(java.lang.String)[pri:0, instance:testcases.FlightSearch@44a3ec6b]" name="launchBrowser" is-config="true" duration-ms="14513" started-at="2019-11-17T16:18:54Z" finished-at="2019-11-17T16:19:08Z">
          <params>
            <param index="0">
              <value>
                <![CDATA[firefox]]>
              </value>
            </param>
          </params>
          <reporter-output>
          </reporter-output>
        </test-method> <!-- launchBrowser -->
        <test-method status="PASS" signature="flightSearch(java.lang.String, java.lang.String, java.lang.String, java.lang.String, java.lang.String)[pri:0, instance:testcases.FlightSearch@44a3ec6b]" name="flightSearch" duration-ms="27101" started-at="2019-11-17T16:19:08Z" data-provider="getData" finished-at="2019-11-17T16:19:35Z">
          <params>
            <param index="0">
              <value>
                <![CDATA[Delhi]]>
              </value>
            </param>
            <param index="1">
              <value>
                <![CDATA[11/27/2019]]>
              </value>
            </param>
            <param index="2">
              <value>
                <![CDATA[11/29/2019]]>
              </value>
            </param>
            <param index="3">
              <value>
                <![CDATA[Hyderabad]]>
              </value>
            </param>
            <param index="4">
              <value>
                <![CDATA[Select your departure to Hyderabad]]>
              </value>
            </param>
          </params>
          <reporter-output>
          </reporter-output>
        </test-method> <!-- flightSearch -->
        <test-method status="PASS" signature="tearDown()[pri:0, instance:testcases.FlightSearch@44a3ec6b]" name="tearDown" is-config="true" duration-ms="17819" started-at="2019-11-17T16:19:35Z" finished-at="2019-11-17T16:19:53Z">
          <reporter-output>
          </reporter-output>
        </test-method> <!-- tearDown -->
      </class> <!-- testcases.FlightSearch -->
    </test> <!-- FirefoxTest -->
  </suite> <!-- Smoke Suite -->
</testng-results>
